<?xml version="1.0" encoding="UTF-8"?>
<testsuite xmlns:xsi="http://www.w3.org/2001/XMLSchema-instance" xsi:noNamespaceSchemaLocation="https://maven.apache.org/surefire/maven-surefire-plugin/xsd/surefire-test-report.xsd" name="com.fangzai.CareerExplorationEndApplicationTests" time="2.652" tests="1" errors="0" skipped="0" failures="0">
  <properties>
    <property name="sun.desktop" value="windows"/>
    <property name="awt.toolkit" value="sun.awt.windows.WToolkit"/>
    <property name="file.encoding.pkg" value="sun.io"/>
    <property name="java.specification.version" value="1.8"/>
    <property name="sun.cpu.isalist" value="amd64"/>
    <property name="sun.jnu.encoding" value="GBK"/>
    <property name="java.class.path" value="D:\big_project\career-exploration\career-exploration-end\target\test-classes;D:\big_project\career-exploration\career-exploration-end\target\classes;D:\JavaWeb\localMavenRepository\org\springframework\boot\spring-boot-starter-jdbc\2.7.16\spring-boot-starter-jdbc-2.7.16.jar;D:\JavaWeb\localMavenRepository\org\springframework\boot\spring-boot-starter\2.7.16\spring-boot-starter-2.7.16.jar;D:\JavaWeb\localMavenRepository\org\springframework\boot\spring-boot\2.7.16\spring-boot-2.7.16.jar;D:\JavaWeb\localMavenRepository\org\springframework\boot\spring-boot-starter-logging\2.7.16\spring-boot-starter-logging-2.7.16.jar;D:\JavaWeb\localMavenRepository\ch\qos\logback\logback-classic\1.2.12\logback-classic-1.2.12.jar;D:\JavaWeb\localMavenRepository\ch\qos\logback\logback-core\1.2.12\logback-core-1.2.12.jar;D:\JavaWeb\localMavenRepository\org\apache\logging\log4j\log4j-to-slf4j\2.17.2\log4j-to-slf4j-2.17.2.jar;D:\JavaWeb\localMavenRepository\org\apache\logging\log4j\log4j-api\2.17.2\log4j-api-2.17.2.jar;D:\JavaWeb\localMavenRepository\org\slf4j\jul-to-slf4j\1.7.36\jul-to-slf4j-1.7.36.jar;D:\JavaWeb\localMavenRepository\jakarta\annotation\jakarta.annotation-api\1.3.5\jakarta.annotation-api-1.3.5.jar;D:\JavaWeb\localMavenRepository\org\yaml\snakeyaml\1.30\snakeyaml-1.30.jar;D:\JavaWeb\localMavenRepository\com\zaxxer\HikariCP\4.0.3\HikariCP-4.0.3.jar;D:\JavaWeb\localMavenRepository\org\slf4j\slf4j-api\1.7.36\slf4j-api-1.7.36.jar;D:\JavaWeb\localMavenRepository\org\springframework\spring-jdbc\5.3.30\spring-jdbc-5.3.30.jar;D:\JavaWeb\localMavenRepository\org\springframework\spring-beans\5.3.30\spring-beans-5.3.30.jar;D:\JavaWeb\localMavenRepository\org\springframework\spring-tx\5.3.30\spring-tx-5.3.30.jar;D:\JavaWeb\localMavenRepository\org\springframework\boot\spring-boot-starter-web\2.7.16\spring-boot-starter-web-2.7.16.jar;D:\JavaWeb\localMavenRepository\org\springframework\boot\spring-boot-starter-json\2.7.16\spring-boot-starter-json-2.7.16.jar;D:\JavaWeb\localMavenRepository\com\fasterxml\jackson\core\jackson-databind\2.13.5\jackson-databind-2.13.5.jar;D:\JavaWeb\localMavenRepository\com\fasterxml\jackson\core\jackson-annotations\2.13.5\jackson-annotations-2.13.5.jar;D:\JavaWeb\localMavenRepository\com\fasterxml\jackson\core\jackson-core\2.13.5\jackson-core-2.13.5.jar;D:\JavaWeb\localMavenRepository\com\fasterxml\jackson\datatype\jackson-datatype-jdk8\2.13.5\jackson-datatype-jdk8-2.13.5.jar;D:\JavaWeb\localMavenRepository\com\fasterxml\jackson\datatype\jackson-datatype-jsr310\2.13.5\jackson-datatype-jsr310-2.13.5.jar;D:\JavaWeb\localMavenRepository\com\fasterxml\jackson\module\jackson-module-parameter-names\2.13.5\jackson-module-parameter-names-2.13.5.jar;D:\JavaWeb\localMavenRepository\org\springframework\boot\spring-boot-starter-tomcat\2.7.16\spring-boot-starter-tomcat-2.7.16.jar;D:\JavaWeb\localMavenRepository\org\apache\tomcat\embed\tomcat-embed-core\9.0.80\tomcat-embed-core-9.0.80.jar;D:\JavaWeb\localMavenRepository\org\apache\tomcat\embed\tomcat-embed-el\9.0.80\tomcat-embed-el-9.0.80.jar;D:\JavaWeb\localMavenRepository\org\apache\tomcat\embed\tomcat-embed-websocket\9.0.80\tomcat-embed-websocket-9.0.80.jar;D:\JavaWeb\localMavenRepository\org\springframework\spring-web\5.3.30\spring-web-5.3.30.jar;D:\JavaWeb\localMavenRepository\org\springframework\spring-webmvc\5.3.30\spring-webmvc-5.3.30.jar;D:\JavaWeb\localMavenRepository\org\springframework\spring-aop\5.3.30\spring-aop-5.3.30.jar;D:\JavaWeb\localMavenRepository\org\springframework\spring-context\5.3.30\spring-context-5.3.30.jar;D:\JavaWeb\localMavenRepository\org\springframework\spring-expression\5.3.30\spring-expression-5.3.30.jar;D:\JavaWeb\localMavenRepository\com\baomidou\mybatis-plus-boot-starter\3.5.3.1\mybatis-plus-boot-starter-3.5.3.1.jar;D:\JavaWeb\localMavenRepository\com\baomidou\mybatis-plus\3.5.3.1\mybatis-plus-3.5.3.1.jar;D:\JavaWeb\localMavenRepository\com\baomidou\mybatis-plus-extension\3.5.3.1\mybatis-plus-extension-3.5.3.1.jar;D:\JavaWeb\localMavenRepository\com\baomidou\mybatis-plus-core\3.5.3.1\mybatis-plus-core-3.5.3.1.jar;D:\JavaWeb\localMavenRepository\com\baomidou\mybatis-plus-annotation\3.5.3.1\mybatis-plus-annotation-3.5.3.1.jar;D:\JavaWeb\localMavenRepository\com\github\jsqlparser\jsqlparser\4.4\jsqlparser-4.4.jar;D:\JavaWeb\localMavenRepository\org\mybatis\mybatis\3.5.10\mybatis-3.5.10.jar;D:\JavaWeb\localMavenRepository\org\mybatis\mybatis-spring\2.0.7\mybatis-spring-2.0.7.jar;D:\JavaWeb\localMavenRepository\org\springframework\boot\spring-boot-autoconfigure\2.7.16\spring-boot-autoconfigure-2.7.16.jar;D:\JavaWeb\localMavenRepository\com\mysql\mysql-connector-j\8.0.33\mysql-connector-j-8.0.33.jar;D:\JavaWeb\localMavenRepository\org\springframework\boot\spring-boot-starter-test\2.7.16\spring-boot-starter-test-2.7.16.jar;D:\JavaWeb\localMavenRepository\org\springframework\boot\spring-boot-test\2.7.16\spring-boot-test-2.7.16.jar;D:\JavaWeb\localMavenRepository\org\springframework\boot\spring-boot-test-autoconfigure\2.7.16\spring-boot-test-autoconfigure-2.7.16.jar;D:\JavaWeb\localMavenRepository\com\jayway\jsonpath\json-path\2.7.0\json-path-2.7.0.jar;D:\JavaWeb\localMavenRepository\net\minidev\json-smart\2.4.11\json-smart-2.4.11.jar;D:\JavaWeb\localMavenRepository\net\minidev\accessors-smart\2.4.11\accessors-smart-2.4.11.jar;D:\JavaWeb\localMavenRepository\org\ow2\asm\asm\9.3\asm-9.3.jar;D:\JavaWeb\localMavenRepository\jakarta\xml\bind\jakarta.xml.bind-api\2.3.3\jakarta.xml.bind-api-2.3.3.jar;D:\JavaWeb\localMavenRepository\jakarta\activation\jakarta.activation-api\1.2.2\jakarta.activation-api-1.2.2.jar;D:\JavaWeb\localMavenRepository\org\assertj\assertj-core\3.22.0\assertj-core-3.22.0.jar;D:\JavaWeb\localMavenRepository\org\hamcrest\hamcrest\2.2\hamcrest-2.2.jar;D:\JavaWeb\localMavenRepository\org\junit\jupiter\junit-jupiter\5.8.2\junit-jupiter-5.8.2.jar;D:\JavaWeb\localMavenRepository\org\junit\jupiter\junit-jupiter-api\5.8.2\junit-jupiter-api-5.8.2.jar;D:\JavaWeb\localMavenRepository\org\opentest4j\opentest4j\1.2.0\opentest4j-1.2.0.jar;D:\JavaWeb\localMavenRepository\org\junit\platform\junit-platform-commons\1.8.2\junit-platform-commons-1.8.2.jar;D:\JavaWeb\localMavenRepository\org\apiguardian\apiguardian-api\1.1.2\apiguardian-api-1.1.2.jar;D:\JavaWeb\localMavenRepository\org\junit\jupiter\junit-jupiter-params\5.8.2\junit-jupiter-params-5.8.2.jar;D:\JavaWeb\localMavenRepository\org\junit\jupiter\junit-jupiter-engine\5.8.2\junit-jupiter-engine-5.8.2.jar;D:\JavaWeb\localMavenRepository\org\junit\platform\junit-platform-engine\1.8.2\junit-platform-engine-1.8.2.jar;D:\JavaWeb\localMavenRepository\org\mockito\mockito-core\4.5.1\mockito-core-4.5.1.jar;D:\JavaWeb\localMavenRepository\net\bytebuddy\byte-buddy\1.12.23\byte-buddy-1.12.23.jar;D:\JavaWeb\localMavenRepository\net\bytebuddy\byte-buddy-agent\1.12.23\byte-buddy-agent-1.12.23.jar;D:\JavaWeb\localMavenRepository\org\objenesis\objenesis\3.2\objenesis-3.2.jar;D:\JavaWeb\localMavenRepository\org\mockito\mockito-junit-jupiter\4.5.1\mockito-junit-jupiter-4.5.1.jar;D:\JavaWeb\localMavenRepository\org\skyscreamer\jsonassert\1.5.1\jsonassert-1.5.1.jar;D:\JavaWeb\localMavenRepository\com\vaadin\external\google\android-json\0.0.20131108.vaadin1\android-json-0.0.20131108.vaadin1.jar;D:\JavaWeb\localMavenRepository\org\springframework\spring-core\5.3.30\spring-core-5.3.30.jar;D:\JavaWeb\localMavenRepository\org\springframework\spring-jcl\5.3.30\spring-jcl-5.3.30.jar;D:\JavaWeb\localMavenRepository\org\springframework\spring-test\5.3.30\spring-test-5.3.30.jar;D:\JavaWeb\localMavenRepository\org\xmlunit\xmlunit-core\2.9.1\xmlunit-core-2.9.1.jar;D:\JavaWeb\localMavenRepository\org\projectlombok\lombok\1.18.30\lombok-1.18.30.jar;D:\JavaWeb\localMavenRepository\com\theokanning\openai-gpt3-java\service\0.10.0\service-0.10.0.jar;D:\JavaWeb\localMavenRepository\com\theokanning\openai-gpt3-java\client\0.10.0\client-0.10.0.jar;D:\JavaWeb\localMavenRepository\com\theokanning\openai-gpt3-java\api\0.10.0\api-0.10.0.jar;D:\JavaWeb\localMavenRepository\com\squareup\retrofit2\retrofit\2.9.0\retrofit-2.9.0.jar;D:\JavaWeb\localMavenRepository\com\squareup\okhttp3\okhttp\4.9.3\okhttp-4.9.3.jar;D:\JavaWeb\localMavenRepository\com\squareup\okio\okio\2.8.0\okio-2.8.0.jar;D:\JavaWeb\localMavenRepository\org\jetbrains\kotlin\kotlin-stdlib-common\1.6.21\kotlin-stdlib-common-1.6.21.jar;D:\JavaWeb\localMavenRepository\org\jetbrains\kotlin\kotlin-stdlib\1.6.21\kotlin-stdlib-1.6.21.jar;D:\JavaWeb\localMavenRepository\org\jetbrains\annotations\13.0\annotations-13.0.jar;D:\JavaWeb\localMavenRepository\com\squareup\retrofit2\adapter-rxjava2\2.9.0\adapter-rxjava2-2.9.0.jar;D:\JavaWeb\localMavenRepository\io\reactivex\rxjava2\rxjava\2.2.21\rxjava-2.2.21.jar;D:\JavaWeb\localMavenRepository\org\reactivestreams\reactive-streams\1.0.4\reactive-streams-1.0.4.jar;D:\JavaWeb\localMavenRepository\com\squareup\retrofit2\converter-jackson\2.9.0\converter-jackson-2.9.0.jar;"/>
    <property name="java.vm.vendor" value="Oracle Corporation"/>
    <property name="sun.arch.data.model" value="64"/>
    <property name="user.variant" value=""/>
    <property name="java.vendor.url" value="http://java.oracle.com/"/>
    <property name="user.timezone" value="Asia/Shanghai"/>
    <property name="java.vm.specification.version" value="1.8"/>
    <property name="os.name" value="Windows 10"/>
    <property name="user.country" value="CN"/>
    <property name="sun.java.launcher" value="SUN_STANDARD"/>
    <property name="sun.boot.library.path" value="D:\JavaWeb\jdk安装1.8\jre\bin"/>
    <property name="sun.java.command" value="C:\Users\Smile\AppData\Local\Temp\surefire2110814263780802683\surefirebooter1757314301754529281.jar C:\Users\Smile\AppData\Local\Temp\surefire2110814263780802683 2023-10-17T15-50-41_984-jvmRun1 surefire4997098062481839671tmp surefire_08604508576596303321tmp"/>
    <property name="surefire.test.class.path" value="D:\big_project\career-exploration\career-exploration-end\target\test-classes;D:\big_project\career-exploration\career-exploration-end\target\classes;D:\JavaWeb\localMavenRepository\org\springframework\boot\spring-boot-starter-jdbc\2.7.16\spring-boot-starter-jdbc-2.7.16.jar;D:\JavaWeb\localMavenRepository\org\springframework\boot\spring-boot-starter\2.7.16\spring-boot-starter-2.7.16.jar;D:\JavaWeb\localMavenRepository\org\springframework\boot\spring-boot\2.7.16\spring-boot-2.7.16.jar;D:\JavaWeb\localMavenRepository\org\springframework\boot\spring-boot-starter-logging\2.7.16\spring-boot-starter-logging-2.7.16.jar;D:\JavaWeb\localMavenRepository\ch\qos\logback\logback-classic\1.2.12\logback-classic-1.2.12.jar;D:\JavaWeb\localMavenRepository\ch\qos\logback\logback-core\1.2.12\logback-core-1.2.12.jar;D:\JavaWeb\localMavenRepository\org\apache\logging\log4j\log4j-to-slf4j\2.17.2\log4j-to-slf4j-2.17.2.jar;D:\JavaWeb\localMavenRepository\org\apache\logging\log4j\log4j-api\2.17.2\log4j-api-2.17.2.jar;D:\JavaWeb\localMavenRepository\org\slf4j\jul-to-slf4j\1.7.36\jul-to-slf4j-1.7.36.jar;D:\JavaWeb\localMavenRepository\jakarta\annotation\jakarta.annotation-api\1.3.5\jakarta.annotation-api-1.3.5.jar;D:\JavaWeb\localMavenRepository\org\yaml\snakeyaml\1.30\snakeyaml-1.30.jar;D:\JavaWeb\localMavenRepository\com\zaxxer\HikariCP\4.0.3\HikariCP-4.0.3.jar;D:\JavaWeb\localMavenRepository\org\slf4j\slf4j-api\1.7.36\slf4j-api-1.7.36.jar;D:\JavaWeb\localMavenRepository\org\springframework\spring-jdbc\5.3.30\spring-jdbc-5.3.30.jar;D:\JavaWeb\localMavenRepository\org\springframework\spring-beans\5.3.30\spring-beans-5.3.30.jar;D:\JavaWeb\localMavenRepository\org\springframework\spring-tx\5.3.30\spring-tx-5.3.30.jar;D:\JavaWeb\localMavenRepository\org\springframework\boot\spring-boot-starter-web\2.7.16\spring-boot-starter-web-2.7.16.jar;D:\JavaWeb\localMavenRepository\org\springframework\boot\spring-boot-starter-json\2.7.16\spring-boot-starter-json-2.7.16.jar;D:\JavaWeb\localMavenRepository\com\fasterxml\jackson\core\jackson-databind\2.13.5\jackson-databind-2.13.5.jar;D:\JavaWeb\localMavenRepository\com\fasterxml\jackson\core\jackson-annotations\2.13.5\jackson-annotations-2.13.5.jar;D:\JavaWeb\localMavenRepository\com\fasterxml\jackson\core\jackson-core\2.13.5\jackson-core-2.13.5.jar;D:\JavaWeb\localMavenRepository\com\fasterxml\jackson\datatype\jackson-datatype-jdk8\2.13.5\jackson-datatype-jdk8-2.13.5.jar;D:\JavaWeb\localMavenRepository\com\fasterxml\jackson\datatype\jackson-datatype-jsr310\2.13.5\jackson-datatype-jsr310-2.13.5.jar;D:\JavaWeb\localMavenRepository\com\fasterxml\jackson\module\jackson-module-parameter-names\2.13.5\jackson-module-parameter-names-2.13.5.jar;D:\JavaWeb\localMavenRepository\org\springframework\boot\spring-boot-starter-tomcat\2.7.16\spring-boot-starter-tomcat-2.7.16.jar;D:\JavaWeb\localMavenRepository\org\apache\tomcat\embed\tomcat-embed-core\9.0.80\tomcat-embed-core-9.0.80.jar;D:\JavaWeb\localMavenRepository\org\apache\tomcat\embed\tomcat-embed-el\9.0.80\tomcat-embed-el-9.0.80.jar;D:\JavaWeb\localMavenRepository\org\apache\tomcat\embed\tomcat-embed-websocket\9.0.80\tomcat-embed-websocket-9.0.80.jar;D:\JavaWeb\localMavenRepository\org\springframework\spring-web\5.3.30\spring-web-5.3.30.jar;D:\JavaWeb\localMavenRepository\org\springframework\spring-webmvc\5.3.30\spring-webmvc-5.3.30.jar;D:\JavaWeb\localMavenRepository\org\springframework\spring-aop\5.3.30\spring-aop-5.3.30.jar;D:\JavaWeb\localMavenRepository\org\springframework\spring-context\5.3.30\spring-context-5.3.30.jar;D:\JavaWeb\localMavenRepository\org\springframework\spring-expression\5.3.30\spring-expression-5.3.30.jar;D:\JavaWeb\localMavenRepository\com\baomidou\mybatis-plus-boot-starter\3.5.3.1\mybatis-plus-boot-starter-3.5.3.1.jar;D:\JavaWeb\localMavenRepository\com\baomidou\mybatis-plus\3.5.3.1\mybatis-plus-3.5.3.1.jar;D:\JavaWeb\localMavenRepository\com\baomidou\mybatis-plus-extension\3.5.3.1\mybatis-plus-extension-3.5.3.1.jar;D:\JavaWeb\localMavenRepository\com\baomidou\mybatis-plus-core\3.5.3.1\mybatis-plus-core-3.5.3.1.jar;D:\JavaWeb\localMavenRepository\com\baomidou\mybatis-plus-annotation\3.5.3.1\mybatis-plus-annotation-3.5.3.1.jar;D:\JavaWeb\localMavenRepository\com\github\jsqlparser\jsqlparser\4.4\jsqlparser-4.4.jar;D:\JavaWeb\localMavenRepository\org\mybatis\mybatis\3.5.10\mybatis-3.5.10.jar;D:\JavaWeb\localMavenRepository\org\mybatis\mybatis-spring\2.0.7\mybatis-spring-2.0.7.jar;D:\JavaWeb\localMavenRepository\org\springframework\boot\spring-boot-autoconfigure\2.7.16\spring-boot-autoconfigure-2.7.16.jar;D:\JavaWeb\localMavenRepository\com\mysql\mysql-connector-j\8.0.33\mysql-connector-j-8.0.33.jar;D:\JavaWeb\localMavenRepository\org\springframework\boot\spring-boot-starter-test\2.7.16\spring-boot-starter-test-2.7.16.jar;D:\JavaWeb\localMavenRepository\org\springframework\boot\spring-boot-test\2.7.16\spring-boot-test-2.7.16.jar;D:\JavaWeb\localMavenRepository\org\springframework\boot\spring-boot-test-autoconfigure\2.7.16\spring-boot-test-autoconfigure-2.7.16.jar;D:\JavaWeb\localMavenRepository\com\jayway\jsonpath\json-path\2.7.0\json-path-2.7.0.jar;D:\JavaWeb\localMavenRepository\net\minidev\json-smart\2.4.11\json-smart-2.4.11.jar;D:\JavaWeb\localMavenRepository\net\minidev\accessors-smart\2.4.11\accessors-smart-2.4.11.jar;D:\JavaWeb\localMavenRepository\org\ow2\asm\asm\9.3\asm-9.3.jar;D:\JavaWeb\localMavenRepository\jakarta\xml\bind\jakarta.xml.bind-api\2.3.3\jakarta.xml.bind-api-2.3.3.jar;D:\JavaWeb\localMavenRepository\jakarta\activation\jakarta.activation-api\1.2.2\jakarta.activation-api-1.2.2.jar;D:\JavaWeb\localMavenRepository\org\assertj\assertj-core\3.22.0\assertj-core-3.22.0.jar;D:\JavaWeb\localMavenRepository\org\hamcrest\hamcrest\2.2\hamcrest-2.2.jar;D:\JavaWeb\localMavenRepository\org\junit\jupiter\junit-jupiter\5.8.2\junit-jupiter-5.8.2.jar;D:\JavaWeb\localMavenRepository\org\junit\jupiter\junit-jupiter-api\5.8.2\junit-jupiter-api-5.8.2.jar;D:\JavaWeb\localMavenRepository\org\opentest4j\opentest4j\1.2.0\opentest4j-1.2.0.jar;D:\JavaWeb\localMavenRepository\org\junit\platform\junit-platform-commons\1.8.2\junit-platform-commons-1.8.2.jar;D:\JavaWeb\localMavenRepository\org\apiguardian\apiguardian-api\1.1.2\apiguardian-api-1.1.2.jar;D:\JavaWeb\localMavenRepository\org\junit\jupiter\junit-jupiter-params\5.8.2\junit-jupiter-params-5.8.2.jar;D:\JavaWeb\localMavenRepository\org\junit\jupiter\junit-jupiter-engine\5.8.2\junit-jupiter-engine-5.8.2.jar;D:\JavaWeb\localMavenRepository\org\junit\platform\junit-platform-engine\1.8.2\junit-platform-engine-1.8.2.jar;D:\JavaWeb\localMavenRepository\org\mockito\mockito-core\4.5.1\mockito-core-4.5.1.jar;D:\JavaWeb\localMavenRepository\net\bytebuddy\byte-buddy\1.12.23\byte-buddy-1.12.23.jar;D:\JavaWeb\localMavenRepository\net\bytebuddy\byte-buddy-agent\1.12.23\byte-buddy-agent-1.12.23.jar;D:\JavaWeb\localMavenRepository\org\objenesis\objenesis\3.2\objenesis-3.2.jar;D:\JavaWeb\localMavenRepository\org\mockito\mockito-junit-jupiter\4.5.1\mockito-junit-jupiter-4.5.1.jar;D:\JavaWeb\localMavenRepository\org\skyscreamer\jsonassert\1.5.1\jsonassert-1.5.1.jar;D:\JavaWeb\localMavenRepository\com\vaadin\external\google\android-json\0.0.20131108.vaadin1\android-json-0.0.20131108.vaadin1.jar;D:\JavaWeb\localMavenRepository\org\springframework\spring-core\5.3.30\spring-core-5.3.30.jar;D:\JavaWeb\localMavenRepository\org\springframework\spring-jcl\5.3.30\spring-jcl-5.3.30.jar;D:\JavaWeb\localMavenRepository\org\springframework\spring-test\5.3.30\spring-test-5.3.30.jar;D:\JavaWeb\localMavenRepository\org\xmlunit\xmlunit-core\2.9.1\xmlunit-core-2.9.1.jar;D:\JavaWeb\localMavenRepository\org\projectlombok\lombok\1.18.30\lombok-1.18.30.jar;D:\JavaWeb\localMavenRepository\com\theokanning\openai-gpt3-java\service\0.10.0\service-0.10.0.jar;D:\JavaWeb\localMavenRepository\com\theokanning\openai-gpt3-java\client\0.10.0\client-0.10.0.jar;D:\JavaWeb\localMavenRepository\com\theokanning\openai-gpt3-java\api\0.10.0\api-0.10.0.jar;D:\JavaWeb\localMavenRepository\com\squareup\retrofit2\retrofit\2.9.0\retrofit-2.9.0.jar;D:\JavaWeb\localMavenRepository\com\squareup\okhttp3\okhttp\4.9.3\okhttp-4.9.3.jar;D:\JavaWeb\localMavenRepository\com\squareup\okio\okio\2.8.0\okio-2.8.0.jar;D:\JavaWeb\localMavenRepository\org\jetbrains\kotlin\kotlin-stdlib-common\1.6.21\kotlin-stdlib-common-1.6.21.jar;D:\JavaWeb\localMavenRepository\org\jetbrains\kotlin\kotlin-stdlib\1.6.21\kotlin-stdlib-1.6.21.jar;D:\JavaWeb\localMavenRepository\org\jetbrains\annotations\13.0\annotations-13.0.jar;D:\JavaWeb\localMavenRepository\com\squareup\retrofit2\adapter-rxjava2\2.9.0\adapter-rxjava2-2.9.0.jar;D:\JavaWeb\localMavenRepository\io\reactivex\rxjava2\rxjava\2.2.21\rxjava-2.2.21.jar;D:\JavaWeb\localMavenRepository\org\reactivestreams\reactive-streams\1.0.4\reactive-streams-1.0.4.jar;D:\JavaWeb\localMavenRepository\com\squareup\retrofit2\converter-jackson\2.9.0\converter-jackson-2.9.0.jar;"/>
    <property name="sun.cpu.endian" value="little"/>
    <property name="user.home" value="C:\Users\Smile"/>
    <property name="user.language" value="zh"/>
    <property name="java.specification.vendor" value="Oracle Corporation"/>
    <property name="java.home" value="D:\JavaWeb\jdk安装1.8\jre"/>
    <property name="basedir" value="D:\big_project\career-exploration\career-exploration-end"/>
    <property name="file.separator" value="\"/>
    <property name="line.separator" value="&#10;"/>
    <property name="java.vm.specification.vendor" value="Oracle Corporation"/>
    <property name="java.specification.name" value="Java Platform API Specification"/>
    <property name="java.awt.graphicsenv" value="sun.awt.Win32GraphicsEnvironment"/>
    <property name="surefire.real.class.path" value="C:\Users\Smile\AppData\Local\Temp\surefire2110814263780802683\surefirebooter1757314301754529281.jar"/>
    <property name="sun.boot.class.path" value="D:\JavaWeb\jdk安装1.8\jre\lib\resources.jar;D:\JavaWeb\jdk安装1.8\jre\lib\rt.jar;D:\JavaWeb\jdk安装1.8\jre\lib\sunrsasign.jar;D:\JavaWeb\jdk安装1.8\jre\lib\jsse.jar;D:\JavaWeb\jdk安装1.8\jre\lib\jce.jar;D:\JavaWeb\jdk安装1.8\jre\lib\charsets.jar;D:\JavaWeb\jdk安装1.8\jre\lib\jfr.jar;D:\JavaWeb\jdk安装1.8\jre\classes"/>
    <property name="user.script" value=""/>
    <property name="sun.management.compiler" value="HotSpot 64-Bit Tiered Compilers"/>
    <property name="java.runtime.version" value="1.8.0_162-b12"/>
    <property name="user.name" value="Smile"/>
    <property name="path.separator" value=";"/>
    <property name="os.version" value="10.0"/>
    <property name="java.endorsed.dirs" value="D:\JavaWeb\jdk安装1.8\jre\lib\endorsed"/>
    <property name="java.runtime.name" value="Java(TM) SE Runtime Environment"/>
    <property name="file.encoding" value="GBK"/>
    <property name="java.vm.name" value="Java HotSpot(TM) 64-Bit Server VM"/>
    <property name="idea.version2020.1" value="true"/>
    <property name="localRepository" value="D:\JavaWeb\localMavenRepository"/>
    <property name="java.vendor.url.bug" value="http://bugreport.sun.com/bugreport/"/>
    <property name="java.io.tmpdir" value="C:\Users\Smile\AppData\Local\Temp\"/>
    <property name="java.version" value="1.8.0_162"/>
    <property name="user.dir" value="D:\big_project\career-exploration\career-exploration-end"/>
    <property name="os.arch" value="amd64"/>
    <property name="java.vm.specification.name" value="Java Virtual Machine Specification"/>
    <property name="java.awt.printerjob" value="sun.awt.windows.WPrinterJob"/>
    <property name="sun.os.patch.level" value=""/>
    <property name="java.library.path" value="D:\JavaWeb\jdk安装1.8\jre\bin;C:\Windows\Sun\Java\bin;C:\Windows\system32;C:\Windows;D:\浏览器下载\VM\bin\;D:\Pycharm\Scripts\;D:\Pycharm\;D:\JavaWeb\jdk安装1.8\bin;C:\ProgramData\Oracle\Java\javapath;C:\Windows\system32;C:\Windows;C:\Windows\System32\Wbem;C:\Windows\System32\WindowsPowerShell\v1.0\;C:\Windows\System32\OpenSSH\;C:\Program Files (x86)\NVIDIA Corporation\PhysX\Common;C:\Program Files\NVIDIA Corporation\NVIDIA NvDLISR;D:\浏览器下载\nodejs\;%NOD;_HOME%;D:\浏览器下载\nodejs\node_global\node_modules\node_cache;D:\浏览器下载\nodejs\node_global\node_modules\node_global;D:\Mysql\bin;D:\LenovoSoftstore\Install\Git\cmd;D:\浏览器下载\Xshell7和Xftp7安装包\;C:\Users\Smile\AppData\Local\Microsoft\WindowsApps;D:\LenovoSoftstore\Install\Microsoft VS Code\bin;D:\浏览器下载\nodejs\node_global;D:\Pycharm\PyCharm 2020.1\bin;;C:\Windows\System32;;."/>
    <property name="java.vm.info" value="mixed mode"/>
    <property name="java.vendor" value="Oracle Corporation"/>
    <property name="java.vm.version" value="25.162-b12"/>
    <property name="java.ext.dirs" value="D:\JavaWeb\jdk安装1.8\jre\lib\ext;C:\Windows\Sun\Java\lib\ext"/>
    <property name="sun.io.unicode.encoding" value="UnicodeLittle"/>
    <property name="maven.repo.local" value="D:\JavaWeb\localMavenRepository"/>
    <property name="java.class.version" value="52.0"/>
  </properties>
  <testcase name="contextLoads" classname="com.fangzai.CareerExplorationEndApplicationTests" time="0.193"/>
</testsuite>